<?xml version="1.0" encoding="UTF-8"?>
<coverage generated="1764594351190" clover="3.2.0">
  <project timestamp="1764594351191" name="All files">
    <metrics statements="51" coveredstatements="40" conditionals="12" coveredconditionals="5" methods="18" coveredmethods="7" elements="81" coveredelements="52" complexity="0" loc="51" ncloc="51" packages="1" files="1" classes="1"/>
    <file name="server.js" path="C:\Users\keyag\Documents\social-login-app\server.js">
      <metrics statements="51" coveredstatements="40" conditionals="12" coveredconditionals="5" methods="18" coveredmethods="7"/>
      <line num="9" count="1" type="stmt"/>
      <line num="11" count="1" type="stmt"/>
      <line num="16" count="1" type="stmt"/>
      <line num="24" count="1" type="stmt"/>
      <line num="25" count="1" type="stmt"/>
      <line num="27" count="1" type="stmt"/>
      <line num="36" count="1" type="stmt"/>
      <line num="37" count="1" type="stmt"/>
      <line num="42" count="1" type="stmt"/>
      <line num="43" count="1" type="stmt"/>
      <line num="48" count="1" type="stmt"/>
      <line num="55" count="0" type="stmt"/>
      <line num="62" count="1" type="stmt"/>
      <line num="70" count="0" type="stmt"/>
      <line num="77" count="1" type="stmt"/>
      <line num="79" count="1" type="stmt"/>
      <line num="83" count="1" type="stmt"/>
      <line num="87" count="0" type="stmt"/>
      <line num="91" count="1" type="stmt"/>
      <line num="95" count="1" type="stmt"/>
      <line num="99" count="0" type="stmt"/>
      <line num="106" count="1" type="stmt"/>
      <line num="107" count="1" type="cond" truecount="1" falsecount="1"/>
      <line num="108" count="1" type="stmt"/>
      <line num="111" count="0" type="stmt"/>
      <line num="122" count="1" type="stmt"/>
      <line num="123" count="0" type="stmt"/>
      <line num="124" count="0" type="stmt"/>
      <line num="125" count="0" type="stmt"/>
      <line num="126" count="0" type="stmt"/>
      <line num="134" count="1" type="stmt"/>
      <line num="136" count="4" type="stmt"/>
      <line num="138" count="1" type="stmt"/>
      <line num="139" count="8" type="stmt"/>
      <line num="140" count="8" type="stmt"/>
      <line num="141" count="8" type="stmt"/>
      <line num="144" count="1" type="stmt"/>
      <line num="145" count="3" type="stmt"/>
      <line num="146" count="5" type="stmt"/>
      <line num="147" count="3" type="cond" truecount="2" falsecount="0"/>
      <line num="148" count="1" type="stmt"/>
      <line num="149" count="1" type="stmt"/>
      <line num="152" count="1" type="stmt"/>
      <line num="153" count="3" type="stmt"/>
      <line num="154" count="4" type="stmt"/>
      <line num="155" count="3" type="stmt"/>
      <line num="161" count="1" type="stmt"/>
      <line num="163" count="1" type="cond" truecount="1" falsecount="1"/>
      <line num="166" count="1" type="cond" truecount="1" falsecount="1"/>
      <line num="167" count="0" type="stmt"/>
      <line num="168" count="0" type="stmt"/>
    </file>
  </project>
</coverage>
