{"C:\\Users\\keyag\\Documents\\social-login-app\\server.js": {"path":"C:\\Users\\keyag\\Documents\\social-login-app\\server.js","statementMap":{"0":{"start":{"line":9,"column":0},"end":{"line":9,"column":16}},"1":{"start":{"line":11,"column":12},"end":{"line":11,"column":21}},"2":{"start":{"line":16,"column":0},"end":{"line":19,"column":4}},"3":{"start":{"line":24,"column":0},"end":{"line":24,"column":48}},"4":{"start":{"line":25,"column":0},"end":{"line":25,"column":24}},"5":{"start":{"line":27,"column":0},"end":{"line":34,"column":4}},"6":{"start":{"line":36,"column":0},"end":{"line":36,"column":31}},"7":{"start":{"line":37,"column":0},"end":{"line":37,"column":28}},"8":{"start":{"line":42,"column":0},"end":{"line":42,"column":57}},"9":{"start":{"line":42,"column":39},"end":{"line":42,"column":55}},"10":{"start":{"line":43,"column":0},"end":{"line":43,"column":59}},"11":{"start":{"line":43,"column":41},"end":{"line":43,"column":57}},"12":{"start":{"line":48,"column":0},"end":{"line":57,"column":3}},"13":{"start":{"line":55,"column":4},"end":{"line":55,"column":31}},"14":{"start":{"line":62,"column":0},"end":{"line":72,"column":3}},"15":{"start":{"line":70,"column":4},"end":{"line":70,"column":31}},"16":{"start":{"line":77,"column":0},"end":{"line":77,"column":56}},"17":{"start":{"line":77,"column":27},"end":{"line":77,"column":54}},"18":{"start":{"line":79,"column":0},"end":{"line":81,"column":2}},"19":{"start":{"line":83,"column":0},"end":{"line":89,"column":2}},"20":{"start":{"line":87,"column":4},"end":{"line":87,"column":52}},"21":{"start":{"line":91,"column":0},"end":{"line":93,"column":2}},"22":{"start":{"line":95,"column":0},"end":{"line":101,"column":2}},"23":{"start":{"line":99,"column":4},"end":{"line":99,"column":52}},"24":{"start":{"line":106,"column":0},"end":{"line":117,"column":3}},"25":{"start":{"line":107,"column":2},"end":{"line":109,"column":3}},"26":{"start":{"line":108,"column":4},"end":{"line":108,"column":64}},"27":{"start":{"line":111,"column":2},"end":{"line":116,"column":5}},"28":{"start":{"line":122,"column":0},"end":{"line":129,"column":3}},"29":{"start":{"line":123,"column":2},"end":{"line":128,"column":5}},"30":{"start":{"line":124,"column":4},"end":{"line":127,"column":7}},"31":{"start":{"line":125,"column":6},"end":{"line":125,"column":37}},"32":{"start":{"line":126,"column":6},"end":{"line":126,"column":42}},"33":{"start":{"line":134,"column":12},"end":{"line":134,"column":14}},"34":{"start":{"line":136,"column":0},"end":{"line":136,"column":53}},"35":{"start":{"line":136,"column":36},"end":{"line":136,"column":51}},"36":{"start":{"line":138,"column":0},"end":{"line":142,"column":3}},"37":{"start":{"line":139,"column":18},"end":{"line":139,"column":49}},"38":{"start":{"line":140,"column":2},"end":{"line":140,"column":22}},"39":{"start":{"line":141,"column":2},"end":{"line":141,"column":32}},"40":{"start":{"line":144,"column":0},"end":{"line":150,"column":3}},"41":{"start":{"line":145,"column":13},"end":{"line":145,"column":34}},"42":{"start":{"line":146,"column":14},"end":{"line":146,"column":49}},"43":{"start":{"line":146,"column":37},"end":{"line":146,"column":48}},"44":{"start":{"line":147,"column":2},"end":{"line":147,"column":70}},"45":{"start":{"line":147,"column":18},"end":{"line":147,"column":70}},"46":{"start":{"line":148,"column":2},"end":{"line":148,"column":46}},"47":{"start":{"line":149,"column":2},"end":{"line":149,"column":23}},"48":{"start":{"line":152,"column":0},"end":{"line":156,"column":3}},"49":{"start":{"line":153,"column":13},"end":{"line":153,"column":34}},"50":{"start":{"line":154,"column":2},"end":{"line":154,"column":43}},"51":{"start":{"line":154,"column":30},"end":{"line":154,"column":41}},"52":{"start":{"line":155,"column":2},"end":{"line":155,"column":24}},"53":{"start":{"line":161,"column":0},"end":{"line":161,"column":34}},"54":{"start":{"line":163,"column":13},"end":{"line":163,"column":37}},"55":{"start":{"line":166,"column":0},"end":{"line":170,"column":1}},"56":{"start":{"line":167,"column":2},"end":{"line":169,"column":4}},"57":{"start":{"line":168,"column":4},"end":{"line":168,"column":61}}},"fnMap":{"0":{"name":"(anonymous_0)","decl":{"start":{"line":42,"column":23},"end":{"line":42,"column":24}},"loc":{"start":{"line":42,"column":39},"end":{"line":42,"column":55}},"line":42},"1":{"name":"(anonymous_1)","decl":{"start":{"line":43,"column":25},"end":{"line":43,"column":26}},"loc":{"start":{"line":43,"column":41},"end":{"line":43,"column":57}},"line":43},"2":{"name":"(anonymous_2)","decl":{"start":{"line":54,"column":2},"end":{"line":54,"column":3}},"loc":{"start":{"line":54,"column":48},"end":{"line":56,"column":3}},"line":54},"3":{"name":"(anonymous_3)","decl":{"start":{"line":69,"column":2},"end":{"line":69,"column":3}},"loc":{"start":{"line":69,"column":48},"end":{"line":71,"column":3}},"line":69},"4":{"name":"(anonymous_4)","decl":{"start":{"line":77,"column":13},"end":{"line":77,"column":14}},"loc":{"start":{"line":77,"column":27},"end":{"line":77,"column":54}},"line":77},"5":{"name":"(anonymous_5)","decl":{"start":{"line":86,"column":2},"end":{"line":86,"column":3}},"loc":{"start":{"line":86,"column":16},"end":{"line":88,"column":3}},"line":86},"6":{"name":"(anonymous_6)","decl":{"start":{"line":98,"column":2},"end":{"line":98,"column":3}},"loc":{"start":{"line":98,"column":16},"end":{"line":100,"column":3}},"line":98},"7":{"name":"(anonymous_7)","decl":{"start":{"line":106,"column":20},"end":{"line":106,"column":21}},"loc":{"start":{"line":106,"column":34},"end":{"line":117,"column":1}},"line":106},"8":{"name":"(anonymous_8)","decl":{"start":{"line":122,"column":19},"end":{"line":122,"column":20}},"loc":{"start":{"line":122,"column":33},"end":{"line":129,"column":1}},"line":122},"9":{"name":"(anonymous_9)","decl":{"start":{"line":123,"column":13},"end":{"line":123,"column":14}},"loc":{"start":{"line":123,"column":19},"end":{"line":128,"column":3}},"line":123},"10":{"name":"(anonymous_10)","decl":{"start":{"line":124,"column":24},"end":{"line":124,"column":25}},"loc":{"start":{"line":124,"column":30},"end":{"line":127,"column":5}},"line":124},"11":{"name":"(anonymous_11)","decl":{"start":{"line":136,"column":22},"end":{"line":136,"column":23}},"loc":{"start":{"line":136,"column":36},"end":{"line":136,"column":51}},"line":136},"12":{"name":"(anonymous_12)","decl":{"start":{"line":138,"column":23},"end":{"line":138,"column":24}},"loc":{"start":{"line":138,"column":37},"end":{"line":142,"column":1}},"line":138},"13":{"name":"(anonymous_13)","decl":{"start":{"line":144,"column":26},"end":{"line":144,"column":27}},"loc":{"start":{"line":144,"column":40},"end":{"line":150,"column":1}},"line":144},"14":{"name":"(anonymous_14)","decl":{"start":{"line":146,"column":30},"end":{"line":146,"column":31}},"loc":{"start":{"line":146,"column":37},"end":{"line":146,"column":48}},"line":146},"15":{"name":"(anonymous_15)","decl":{"start":{"line":152,"column":29},"end":{"line":152,"column":30}},"loc":{"start":{"line":152,"column":43},"end":{"line":156,"column":1}},"line":152},"16":{"name":"(anonymous_16)","decl":{"start":{"line":154,"column":23},"end":{"line":154,"column":24}},"loc":{"start":{"line":154,"column":30},"end":{"line":154,"column":41}},"line":154},"17":{"name":"(anonymous_17)","decl":{"start":{"line":167,"column":19},"end":{"line":167,"column":20}},"loc":{"start":{"line":168,"column":4},"end":{"line":168,"column":61}},"line":168}},"branchMap":{"0":{"loc":{"start":{"line":107,"column":2},"end":{"line":109,"column":3}},"type":"if","locations":[{"start":{"line":107,"column":2},"end":{"line":109,"column":3}},{"start":{},"end":{}}],"line":107},"1":{"loc":{"start":{"line":114,"column":11},"end":{"line":114,"column":46}},"type":"binary-expr","locations":[{"start":{"line":114,"column":11},"end":{"line":114,"column":38}},{"start":{"line":114,"column":42},"end":{"line":114,"column":46}}],"line":114},"2":{"loc":{"start":{"line":115,"column":11},"end":{"line":115,"column":46}},"type":"binary-expr","locations":[{"start":{"line":115,"column":11},"end":{"line":115,"column":38}},{"start":{"line":115,"column":42},"end":{"line":115,"column":46}}],"line":115},"3":{"loc":{"start":{"line":147,"column":2},"end":{"line":147,"column":70}},"type":"if","locations":[{"start":{"line":147,"column":2},"end":{"line":147,"column":70}},{"start":{},"end":{}}],"line":147},"4":{"loc":{"start":{"line":163,"column":13},"end":{"line":163,"column":37}},"type":"binary-expr","locations":[{"start":{"line":163,"column":13},"end":{"line":163,"column":29}},{"start":{"line":163,"column":33},"end":{"line":163,"column":37}}],"line":163},"5":{"loc":{"start":{"line":166,"column":0},"end":{"line":170,"column":1}},"type":"if","locations":[{"start":{"line":166,"column":0},"end":{"line":170,"column":1}},{"start":{},"end":{}}],"line":166}},"s":{"0":1,"1":1,"2":1,"3":1,"4":1,"5":1,"6":1,"7":1,"8":1,"9":0,"10":1,"11":0,"12":1,"13":0,"14":1,"15":0,"16":1,"17":0,"18":1,"19":1,"20":0,"21":1,"22":1,"23":0,"24":1,"25":1,"26":1,"27":0,"28":1,"29":0,"30":0,"31":0,"32":0,"33":1,"34":1,"35":4,"36":1,"37":8,"38":8,"39":8,"40":1,"41":3,"42":3,"43":5,"44":3,"45":2,"46":1,"47":1,"48":1,"49":3,"50":3,"51":4,"52":3,"53":1,"54":1,"55":1,"56":0,"57":0},"f":{"0":0,"1":0,"2":0,"3":0,"4":0,"5":0,"6":0,"7":1,"8":0,"9":0,"10":0,"11":4,"12":8,"13":3,"14":5,"15":3,"16":4,"17":0},"b":{"0":[1,0],"1":[0,0],"2":[0,0],"3":[2,1],"4":[1,0],"5":[0,1]},"_coverageSchema":"1a1c01bbd47fc00a2c39e90264f33305004495a9","hash":"dc72db04d569ff8cc026f9794ca66bb44dc7863d"}
}
