TN:
SF:server.js
FN:42,(anonymous_0)
FN:43,(anonymous_1)
FN:54,(anonymous_2)
FN:69,(anonymous_3)
FN:77,(anonymous_4)
FN:86,(anonymous_5)
FN:98,(anonymous_6)
FN:106,(anonymous_7)
FN:122,(anonymous_8)
FN:123,(anonymous_9)
FN:124,(anonymous_10)
FN:136,(anonymous_11)
FN:138,(anonymous_12)
FN:144,(anonymous_13)
FN:146,(anonymous_14)
FN:152,(anonymous_15)
FN:154,(anonymous_16)
FN:167,(anonymous_17)
FNF:18
FNH:7
FNDA:0,(anonymous_0)
FNDA:0,(anonymous_1)
FNDA:0,(anonymous_2)
FNDA:0,(anonymous_3)
FNDA:0,(anonymous_4)
FNDA:0,(anonymous_5)
FNDA:0,(anonymous_6)
FNDA:1,(anonymous_7)
FNDA:0,(anonymous_8)
FNDA:0,(anonymous_9)
FNDA:0,(anonymous_10)
FNDA:4,(anonymous_11)
FNDA:8,(anonymous_12)
FNDA:3,(anonymous_13)
FNDA:5,(anonymous_14)
FNDA:3,(anonymous_15)
FNDA:4,(anonymous_16)
FNDA:0,(anonymous_17)
DA:9,1
DA:11,1
DA:16,1
DA:24,1
DA:25,1
DA:27,1
DA:36,1
DA:37,1
DA:42,1
DA:43,1
DA:48,1
DA:55,0
DA:62,1
DA:70,0
DA:77,1
DA:79,1
DA:83,1
DA:87,0
DA:91,1
DA:95,1
DA:99,0
DA:106,1
DA:107,1
DA:108,1
DA:111,0
DA:122,1
DA:123,0
DA:124,0
DA:125,0
DA:126,0
DA:134,1
DA:136,4
DA:138,1
DA:139,8
DA:140,8
DA:141,8
DA:144,1
DA:145,3
DA:146,5
DA:147,3
DA:148,1
DA:149,1
DA:152,1
DA:153,3
DA:154,4
DA:155,3
DA:161,1
DA:163,1
DA:166,1
DA:167,0
DA:168,0
LF:51
LH:40
BRDA:107,0,0,1
BRDA:107,0,1,0
BRDA:114,1,0,0
BRDA:114,1,1,0
BRDA:115,2,0,0
BRDA:115,2,1,0
BRDA:147,3,0,2
BRDA:147,3,1,1
BRDA:163,4,0,1
BRDA:163,4,1,0
BRDA:166,5,0,0
BRDA:166,5,1,1
BRF:12
BRH:5
end_of_record
